[debug] [2026-01-05T18:53:53.315Z] ----------------------------------------------------------------------
[debug] [2026-01-05T18:53:53.317Z] Command:       /Users/dcsn/.nvm/versions/node/v20.19.2/bin/node /Users/dcsn/.nvm/versions/node/v20.19.2/bin/firebase deploy --only functions:refreshCategoriesPageCache
[debug] [2026-01-05T18:53:53.317Z] CLI Version:   14.4.0
[debug] [2026-01-05T18:53:53.317Z] Platform:      darwin
[debug] [2026-01-05T18:53:53.317Z] Node Version:  v20.19.2
[debug] [2026-01-05T18:53:53.317Z] Time:          Mon Jan 05 2026 18:53:53 GMT+0000 (Greenwich Mean Time)
[debug] [2026-01-05T18:53:53.318Z] ----------------------------------------------------------------------
[debug] 
[debug] [2026-01-05T18:53:53.415Z] > command requires scopes: ["email","openid","https://www.googleapis.com/auth/cloudplatformprojects.readonly","https://www.googleapis.com/auth/firebase","https://www.googleapis.com/auth/cloud-platform"]
[debug] [2026-01-05T18:53:53.415Z] > authorizing via signed-in user (olejemedickson@gmail.com)
[debug] [2026-01-05T18:53:53.415Z] [iam] checking project vouched4vouchers for permissions ["cloudfunctions.functions.create","cloudfunctions.functions.delete","cloudfunctions.functions.get","cloudfunctions.functions.list","cloudfunctions.functions.update","cloudfunctions.operations.get","firebase.projects.get"]
[debug] [2026-01-05T18:53:53.416Z] Checked if tokens are valid: true, expires at: 1767642436033
[debug] [2026-01-05T18:53:53.416Z] Checked if tokens are valid: true, expires at: 1767642436033
[debug] [2026-01-05T18:53:53.416Z] >>> [apiv2][query] POST https://cloudresourcemanager.googleapis.com/v1/projects/vouched4vouchers:testIamPermissions [none]
[debug] [2026-01-05T18:53:53.416Z] >>> [apiv2][(partial)header] POST https://cloudresourcemanager.googleapis.com/v1/projects/vouched4vouchers:testIamPermissions x-goog-quota-user=projects/vouched4vouchers
[debug] [2026-01-05T18:53:53.416Z] >>> [apiv2][body] POST https://cloudresourcemanager.googleapis.com/v1/projects/vouched4vouchers:testIamPermissions {"permissions":["cloudfunctions.functions.create","cloudfunctions.functions.delete","cloudfunctions.functions.get","cloudfunctions.functions.list","cloudfunctions.functions.update","cloudfunctions.operations.get","firebase.projects.get"]}
[debug] [2026-01-05T18:53:54.199Z] <<< [apiv2][status] POST https://cloudresourcemanager.googleapis.com/v1/projects/vouched4vouchers:testIamPermissions 200
[debug] [2026-01-05T18:53:54.199Z] <<< [apiv2][body] POST https://cloudresourcemanager.googleapis.com/v1/projects/vouched4vouchers:testIamPermissions {"permissions":["cloudfunctions.functions.create","cloudfunctions.functions.delete","cloudfunctions.functions.get","cloudfunctions.functions.list","cloudfunctions.functions.update","cloudfunctions.operations.get","firebase.projects.get"]}
[debug] [2026-01-05T18:53:54.200Z] Checked if tokens are valid: true, expires at: 1767642436033
[debug] [2026-01-05T18:53:54.200Z] Checked if tokens are valid: true, expires at: 1767642436033
[debug] [2026-01-05T18:53:54.200Z] >>> [apiv2][query] POST https://iam.googleapis.com/v1/projects/vouched4vouchers/serviceAccounts/vouched4vouchers@appspot.gserviceaccount.com:testIamPermissions [none]
[debug] [2026-01-05T18:53:54.200Z] >>> [apiv2][body] POST https://iam.googleapis.com/v1/projects/vouched4vouchers/serviceAccounts/vouched4vouchers@appspot.gserviceaccount.com:testIamPermissions {"permissions":["iam.serviceAccounts.actAs"]}
[debug] [2026-01-05T18:53:54.563Z] <<< [apiv2][status] POST https://iam.googleapis.com/v1/projects/vouched4vouchers/serviceAccounts/vouched4vouchers@appspot.gserviceaccount.com:testIamPermissions 200
[debug] [2026-01-05T18:53:54.563Z] <<< [apiv2][body] POST https://iam.googleapis.com/v1/projects/vouched4vouchers/serviceAccounts/vouched4vouchers@appspot.gserviceaccount.com:testIamPermissions {"permissions":["iam.serviceAccounts.actAs"]}
[info] 
[info] === Deploying to 'vouched4vouchers'...
[info] 
[info] i  deploying functions 
[info] Running command: npm --prefix "$RESOURCE_DIR" run build
[info] ✔  functions: Finished running predeploy script. 
[debug] [2026-01-05T18:53:58.318Z] Checked if tokens are valid: true, expires at: 1767642436033
[debug] [2026-01-05T18:53:58.318Z] Checked if tokens are valid: true, expires at: 1767642436033
[debug] [2026-01-05T18:53:58.318Z] >>> [apiv2][query] GET https://serviceusage.googleapis.com/v1/projects/vouched4vouchers/services/cloudresourcemanager.googleapis.com [none]
[debug] [2026-01-05T18:53:58.318Z] >>> [apiv2][(partial)header] GET https://serviceusage.googleapis.com/v1/projects/vouched4vouchers/services/cloudresourcemanager.googleapis.com x-goog-quota-user=projects/vouched4vouchers
[debug] [2026-01-05T18:53:59.342Z] <<< [apiv2][status] GET https://serviceusage.googleapis.com/v1/projects/vouched4vouchers/services/cloudresourcemanager.googleapis.com 200
[debug] [2026-01-05T18:53:59.342Z] <<< [apiv2][body] GET https://serviceusage.googleapis.com/v1/projects/vouched4vouchers/services/cloudresourcemanager.googleapis.com [omitted]
[debug] [2026-01-05T18:53:59.343Z] Checked if tokens are valid: true, expires at: 1767642436033
[debug] [2026-01-05T18:53:59.343Z] Checked if tokens are valid: true, expires at: 1767642436033
[debug] [2026-01-05T18:53:59.343Z] >>> [apiv2][query] GET https://cloudresourcemanager.googleapis.com/v1/projects/vouched4vouchers [none]
[debug] [2026-01-05T18:54:00.172Z] <<< [apiv2][status] GET https://cloudresourcemanager.googleapis.com/v1/projects/vouched4vouchers 200
[debug] [2026-01-05T18:54:00.172Z] <<< [apiv2][body] GET https://cloudresourcemanager.googleapis.com/v1/projects/vouched4vouchers {"projectNumber":"611170509618","projectId":"vouched4vouchers","lifecycleState":"ACTIVE","name":"Vouched4Vouchers","labels":{"firebase":"enabled","firebase-core":"disabled"},"createTime":"2025-01-15T13:33:57.085327Z"}
[info] i  functions: preparing codebase default for deployment 
[info] i  functions: ensuring required API cloudfunctions.googleapis.com is enabled... 
[debug] [2026-01-05T18:54:00.173Z] Checked if tokens are valid: true, expires at: 1767642436033
[debug] [2026-01-05T18:54:00.173Z] Checked if tokens are valid: true, expires at: 1767642436033
[debug] [2026-01-05T18:54:00.174Z] Checked if tokens are valid: true, expires at: 1767642436033
[debug] [2026-01-05T18:54:00.174Z] Checked if tokens are valid: true, expires at: 1767642436033
[info] i  functions: ensuring required API cloudbuild.googleapis.com is enabled... 
[debug] [2026-01-05T18:54:00.174Z] Checked if tokens are valid: true, expires at: 1767642436033
[debug] [2026-01-05T18:54:00.174Z] Checked if tokens are valid: true, expires at: 1767642436033
[info] i  artifactregistry: ensuring required API artifactregistry.googleapis.com is enabled... 
[debug] [2026-01-05T18:54:00.174Z] Checked if tokens are valid: true, expires at: 1767642436033
[debug] [2026-01-05T18:54:00.174Z] Checked if tokens are valid: true, expires at: 1767642436033
[debug] [2026-01-05T18:54:00.175Z] >>> [apiv2][query] GET https://serviceusage.googleapis.com/v1/projects/vouched4vouchers/services/cloudfunctions.googleapis.com [none]
[debug] [2026-01-05T18:54:00.175Z] >>> [apiv2][(partial)header] GET https://serviceusage.googleapis.com/v1/projects/vouched4vouchers/services/cloudfunctions.googleapis.com x-goog-quota-user=projects/vouched4vouchers
[debug] [2026-01-05T18:54:00.175Z] >>> [apiv2][query] GET https://serviceusage.googleapis.com/v1/projects/vouched4vouchers/services/runtimeconfig.googleapis.com [none]
[debug] [2026-01-05T18:54:00.176Z] >>> [apiv2][(partial)header] GET https://serviceusage.googleapis.com/v1/projects/vouched4vouchers/services/runtimeconfig.googleapis.com x-goog-quota-user=projects/vouched4vouchers
[debug] [2026-01-05T18:54:00.178Z] >>> [apiv2][query] GET https://serviceusage.googleapis.com/v1/projects/vouched4vouchers/services/cloudbuild.googleapis.com [none]
[debug] [2026-01-05T18:54:00.178Z] >>> [apiv2][(partial)header] GET https://serviceusage.googleapis.com/v1/projects/vouched4vouchers/services/cloudbuild.googleapis.com x-goog-quota-user=projects/vouched4vouchers
[debug] [2026-01-05T18:54:00.180Z] >>> [apiv2][query] GET https://serviceusage.googleapis.com/v1/projects/vouched4vouchers/services/artifactregistry.googleapis.com [none]
[debug] [2026-01-05T18:54:00.180Z] >>> [apiv2][(partial)header] GET https://serviceusage.googleapis.com/v1/projects/vouched4vouchers/services/artifactregistry.googleapis.com x-goog-quota-user=projects/vouched4vouchers
[debug] [2026-01-05T18:54:00.832Z] <<< [apiv2][status] GET https://serviceusage.googleapis.com/v1/projects/vouched4vouchers/services/cloudfunctions.googleapis.com 200
[debug] [2026-01-05T18:54:00.832Z] <<< [apiv2][body] GET https://serviceusage.googleapis.com/v1/projects/vouched4vouchers/services/cloudfunctions.googleapis.com [omitted]
[info] ✔  functions: required API cloudfunctions.googleapis.com is enabled 
[debug] [2026-01-05T18:54:01.182Z] <<< [apiv2][status] GET https://serviceusage.googleapis.com/v1/projects/vouched4vouchers/services/cloudbuild.googleapis.com 200
[debug] [2026-01-05T18:54:01.182Z] <<< [apiv2][body] GET https://serviceusage.googleapis.com/v1/projects/vouched4vouchers/services/cloudbuild.googleapis.com [omitted]
[info] ✔  functions: required API cloudbuild.googleapis.com is enabled 
[debug] [2026-01-05T18:54:01.183Z] <<< [apiv2][status] GET https://serviceusage.googleapis.com/v1/projects/vouched4vouchers/services/artifactregistry.googleapis.com 200
[debug] [2026-01-05T18:54:01.183Z] <<< [apiv2][body] GET https://serviceusage.googleapis.com/v1/projects/vouched4vouchers/services/artifactregistry.googleapis.com [omitted]
[info] ✔  artifactregistry: required API artifactregistry.googleapis.com is enabled 
[debug] [2026-01-05T18:54:01.184Z] <<< [apiv2][status] GET https://serviceusage.googleapis.com/v1/projects/vouched4vouchers/services/runtimeconfig.googleapis.com 200
[debug] [2026-01-05T18:54:01.184Z] <<< [apiv2][body] GET https://serviceusage.googleapis.com/v1/projects/vouched4vouchers/services/runtimeconfig.googleapis.com [omitted]
[debug] [2026-01-05T18:54:01.184Z] Checked if tokens are valid: true, expires at: 1767642436033
[debug] [2026-01-05T18:54:01.184Z] Checked if tokens are valid: true, expires at: 1767642436033
[debug] [2026-01-05T18:54:01.184Z] >>> [apiv2][query] GET https://firebase.googleapis.com/v1beta1/projects/vouched4vouchers/adminSdkConfig [none]
[debug] [2026-01-05T18:54:01.995Z] <<< [apiv2][status] GET https://firebase.googleapis.com/v1beta1/projects/vouched4vouchers/adminSdkConfig 200
[debug] [2026-01-05T18:54:01.996Z] <<< [apiv2][body] GET https://firebase.googleapis.com/v1beta1/projects/vouched4vouchers/adminSdkConfig {"projectId":"vouched4vouchers","storageBucket":"vouched4vouchers.firebasestorage.app"}
[debug] [2026-01-05T18:54:01.996Z] Checked if tokens are valid: true, expires at: 1767642436033
[debug] [2026-01-05T18:54:01.996Z] Checked if tokens are valid: true, expires at: 1767642436033
[debug] [2026-01-05T18:54:01.996Z] >>> [apiv2][query] GET https://runtimeconfig.googleapis.com/v1beta1/projects/vouched4vouchers/configs [none]
[debug] [2026-01-05T18:54:02.914Z] <<< [apiv2][status] GET https://runtimeconfig.googleapis.com/v1beta1/projects/vouched4vouchers/configs 200
[debug] [2026-01-05T18:54:02.914Z] <<< [apiv2][body] GET https://runtimeconfig.googleapis.com/v1beta1/projects/vouched4vouchers/configs {}
[debug] [2026-01-05T18:54:02.916Z] Validating nodejs source
[warn] ⚠  functions: package.json indicates an outdated version of firebase-functions. Please upgrade using npm install --save firebase-functions@latest in your functions directory. 
[warn] ⚠  functions: Please note that there will be breaking changes when you upgrade. 
[debug] [2026-01-05T18:54:03.626Z] > [functions] package.json contents: {
  "name": "functions",
  "type": "module",
  "scripts": {
    "lint": "eslint . --ignore-pattern lib/",
    "build": "tsc",
    "build:watch": "tsc --watch",
    "serve": "npm run build && firebase emulators:start --only functions",
    "shell": "npm run build && firebase functions:shell",
    "start": "npm run shell",
    "deploy": "firebase deploy --only functions",
    "logs": "firebase functions:log"
  },
  "engines": {
    "node": "22"
  },
  "main": "lib/index.js",
  "dependencies": {
    "axios": "^1.8.4",
    "firebase-admin": "^12.7.0",
    "firebase-functions": "^6.3.2",
    "typescript-eslint": "^8.30.1"
  },
  "devDependencies": {
    "@typescript-eslint/eslint-plugin": "^5.62.0",
    "@typescript-eslint/parser": "^5.62.0",
    "eslint": "^8.57.1",
    "eslint-config-google": "^0.14.0",
    "eslint-plugin-import": "^2.31.0",
    "firebase-functions-test": "^3.1.0",
    "typescript": "^5.8.3"
  },
  "private": true
}
[debug] [2026-01-05T18:54:03.626Z] Building nodejs source
[info] i  functions: Loading and analyzing source code for codebase default to determine what to deploy 
[debug] [2026-01-05T18:54:03.627Z] Could not find functions.yaml. Must use http discovery
[debug] [2026-01-05T18:54:03.634Z] Found firebase-functions binary at '/Users/dcsn/shop4vouchers/functions/node_modules/.bin/firebase-functions'
[info] Serving at port 8310

[debug] [2026-01-05T18:54:03.989Z] Got response from /__/functions.yaml {"endpoints":{"buildSearchIndex":{"platform":"gcfv1","availableMemoryMb":1024,"timeoutSeconds":540,"minInstances":null,"maxInstances":null,"ingressSettings":null,"serviceAccountEmail":null,"vpc":null,"scheduleTrigger":{"schedule":"every 1 hours","retryConfig":{"retryCount":null,"maxDoublings":null,"maxRetryDuration":null,"maxBackoffDuration":null,"minBackoffDuration":null},"timeZone":null},"labels":{},"entryPoint":"buildSearchIndex"},"refreshBrandsPageCache":{"platform":"gcfv1","availableMemoryMb":512,"timeoutSeconds":300,"minInstances":null,"maxInstances":null,"ingressSettings":null,"serviceAccountEmail":null,"vpc":null,"scheduleTrigger":{"schedule":"every 60 minutes","retryConfig":{"retryCount":null,"maxDoublings":null,"maxRetryDuration":null,"maxBackoffDuration":null,"minBackoffDuration":null},"timeZone":null},"labels":{},"entryPoint":"refreshBrandsPageCache"},"refreshCategoriesPageCache":{"platform":"gcfv1","availableMemoryMb":512,"timeoutSeconds":300,"minInstances":null,"maxInstances":null,"ingressSettings":null,"serviceAccountEmail":null,"vpc":null,"scheduleTrigger":{"schedule":"every 60 minutes","retryConfig":{"retryCount":null,"maxDoublings":null,"maxRetryDuration":null,"maxBackoffDuration":null,"minBackoffDuration":null},"timeZone":null},"labels":{},"entryPoint":"refreshCategoriesPageCache"},"refreshDealsPageCache":{"platform":"gcfv1","availableMemoryMb":512,"timeoutSeconds":300,"minInstances":null,"maxInstances":null,"ingressSettings":null,"serviceAccountEmail":null,"vpc":null,"scheduleTrigger":{"schedule":"every 30 minutes","retryConfig":{"retryCount":null,"maxDoublings":null,"maxRetryDuration":null,"maxBackoffDuration":null,"minBackoffDuration":null},"timeZone":null},"labels":{},"entryPoint":"refreshDealsPageCache"},"refreshHomepageCache":{"platform":"gcfv1","availableMemoryMb":512,"timeoutSeconds":300,"minInstances":null,"maxInstances":null,"ingressSettings":null,"serviceAccountEmail":null,"vpc":null,"scheduleTrigger":{"schedule":"every 6 hours","retryConfig":{"retryCount":null,"maxDoublings":null,"maxRetryDuration":null,"maxBackoffDuration":null,"minBackoffDuration":null},"timeZone":null},"labels":{},"entryPoint":"refreshHomepageCache"},"scheduledBrandsDealCountUpdate":{"platform":"gcfv1","availableMemoryMb":1024,"timeoutSeconds":540,"minInstances":null,"maxInstances":null,"ingressSettings":null,"serviceAccountEmail":null,"vpc":null,"scheduleTrigger":{"schedule":"every 5 hours","retryConfig":{"retryCount":null,"maxDoublings":null,"maxRetryDuration":null,"maxBackoffDuration":null,"minBackoffDuration":null},"timeZone":"UTC"},"labels":{},"entryPoint":"scheduledBrandsDealCountUpdate"},"scheduledCategoriesDealCountUpdate":{"platform":"gcfv1","availableMemoryMb":1024,"timeoutSeconds":540,"minInstances":null,"maxInstances":null,"ingressSettings":null,"serviceAccountEmail":null,"vpc":null,"scheduleTrigger":{"schedule":"every 5 hours","retryConfig":{"retryCount":null,"maxDoublings":null,"maxRetryDuration":null,"maxBackoffDuration":null,"minBackoffDuration":null},"timeZone":"UTC"},"labels":{},"entryPoint":"scheduledCategoriesDealCountUpdate"},"searchDeals":{"platform":"gcfv1","labels":{},"availableMemoryMb":512,"timeoutSeconds":30,"minInstances":null,"maxInstances":null,"ingressSettings":null,"serviceAccountEmail":null,"vpc":null,"callableTrigger":{},"entryPoint":"searchDeals"},"syncAwinBrands":{"platform":"gcfv1","availableMemoryMb":1024,"timeoutSeconds":540,"minInstances":null,"maxInstances":null,"ingressSettings":null,"serviceAccountEmail":null,"vpc":null,"scheduleTrigger":{"schedule":"every 1 hours","retryConfig":{"retryCount":null,"maxDoublings":null,"maxRetryDuration":null,"maxBackoffDuration":null,"minBackoffDuration":null},"timeZone":null},"labels":{},"entryPoint":"syncAwinBrands"},"syncAwinPromotions":{"platform":"gcfv1","availableMemoryMb":1024,"timeoutSeconds":540,"minInstances":null,"maxInstances":null,"ingressSettings":null,"serviceAccountEmail":null,"vpc":null,"scheduleTrigger":{"schedule":"every 5 hours","retryConfig":{"retryCount":null,"maxDoublings":null,"maxRetryDuration":null,"maxBackoffDuration":null,"minBackoffDuration":null},"timeZone":null},"labels":{},"entryPoint":"syncAwinPromotions"}},"specVersion":"v1alpha1","requiredAPIs":[{"api":"cloudscheduler.googleapis.com","reason":"Needed for scheduled functions."}],"extensions":{}}
[info] i  extensions: ensuring required API firebaseextensions.googleapis.com is enabled... 
[debug] [2026-01-05T18:54:08.017Z] Checked if tokens are valid: true, expires at: 1767642436033
[debug] [2026-01-05T18:54:08.017Z] Checked if tokens are valid: true, expires at: 1767642436033
[debug] [2026-01-05T18:54:08.017Z] >>> [apiv2][query] GET https://serviceusage.googleapis.com/v1/projects/vouched4vouchers/services/firebaseextensions.googleapis.com [none]
[debug] [2026-01-05T18:54:08.017Z] >>> [apiv2][(partial)header] GET https://serviceusage.googleapis.com/v1/projects/vouched4vouchers/services/firebaseextensions.googleapis.com x-goog-quota-user=projects/vouched4vouchers
[debug] [2026-01-05T18:54:08.918Z] <<< [apiv2][status] GET https://serviceusage.googleapis.com/v1/projects/vouched4vouchers/services/firebaseextensions.googleapis.com 200
[debug] [2026-01-05T18:54:08.919Z] <<< [apiv2][body] GET https://serviceusage.googleapis.com/v1/projects/vouched4vouchers/services/firebaseextensions.googleapis.com [omitted]
[info] ✔  extensions: required API firebaseextensions.googleapis.com is enabled 
[debug] [2026-01-05T18:54:08.919Z] > command requires scopes: ["email","openid","https://www.googleapis.com/auth/cloudplatformprojects.readonly","https://www.googleapis.com/auth/firebase","https://www.googleapis.com/auth/cloud-platform"]
[debug] [2026-01-05T18:54:08.919Z] > authorizing via signed-in user (olejemedickson@gmail.com)
[debug] [2026-01-05T18:54:08.919Z] [iam] checking project vouched4vouchers for permissions ["firebase.projects.get","firebaseextensions.instances.list"]
[debug] [2026-01-05T18:54:08.919Z] Checked if tokens are valid: true, expires at: 1767642436033
[debug] [2026-01-05T18:54:08.919Z] Checked if tokens are valid: true, expires at: 1767642436033
[debug] [2026-01-05T18:54:08.919Z] >>> [apiv2][query] POST https://cloudresourcemanager.googleapis.com/v1/projects/vouched4vouchers:testIamPermissions [none]
[debug] [2026-01-05T18:54:08.919Z] >>> [apiv2][(partial)header] POST https://cloudresourcemanager.googleapis.com/v1/projects/vouched4vouchers:testIamPermissions x-goog-quota-user=projects/vouched4vouchers
[debug] [2026-01-05T18:54:08.920Z] >>> [apiv2][body] POST https://cloudresourcemanager.googleapis.com/v1/projects/vouched4vouchers:testIamPermissions {"permissions":["firebase.projects.get","firebaseextensions.instances.list"]}
[debug] [2026-01-05T18:54:09.810Z] <<< [apiv2][status] POST https://cloudresourcemanager.googleapis.com/v1/projects/vouched4vouchers:testIamPermissions 200
[debug] [2026-01-05T18:54:09.811Z] <<< [apiv2][body] POST https://cloudresourcemanager.googleapis.com/v1/projects/vouched4vouchers:testIamPermissions {"permissions":["firebase.projects.get","firebaseextensions.instances.list"]}
[debug] [2026-01-05T18:54:09.811Z] Checked if tokens are valid: true, expires at: 1767642436033
[debug] [2026-01-05T18:54:09.811Z] Checked if tokens are valid: true, expires at: 1767642436033
[debug] [2026-01-05T18:54:09.814Z] >>> [apiv2][query] GET https://firebaseextensions.googleapis.com/v1beta/projects/vouched4vouchers/instances pageSize=100&pageToken=
[debug] [2026-01-05T18:54:10.650Z] <<< [apiv2][status] GET https://firebaseextensions.googleapis.com/v1beta/projects/vouched4vouchers/instances 200
[debug] [2026-01-05T18:54:10.650Z] <<< [apiv2][body] GET https://firebaseextensions.googleapis.com/v1beta/projects/vouched4vouchers/instances {}
[info] i  functions: preparing functions directory for uploading... 
[info] i  functions: packaged /Users/dcsn/shop4vouchers/functions (130.4 KB) for uploading 
[debug] [2026-01-05T18:54:10.706Z] Checked if tokens are valid: true, expires at: 1767642436033
[debug] [2026-01-05T18:54:10.706Z] Checked if tokens are valid: true, expires at: 1767642436033
[debug] [2026-01-05T18:54:10.706Z] >>> [apiv2][query] GET https://cloudfunctions.googleapis.com/v1/projects/vouched4vouchers/locations/-/functions [none]
[debug] [2026-01-05T18:54:11.371Z] <<< [apiv2][status] GET https://cloudfunctions.googleapis.com/v1/projects/vouched4vouchers/locations/-/functions 200
[debug] [2026-01-05T18:54:11.371Z] <<< [apiv2][body] GET https://cloudfunctions.googleapis.com/v1/projects/vouched4vouchers/locations/-/functions {"functions":[{"name":"projects/vouched4vouchers/locations/us-central1/functions/refreshDealsPageCache","eventTrigger":{"eventType":"google.pubsub.topic.publish","resource":"projects/vouched4vouchers/topics/firebase-schedule-refreshDealsPageCache-us-central1","service":"pubsub.googleapis.com","failurePolicy":{}},"status":"ACTIVE","entryPoint":"refreshDealsPageCache","timeout":"300s","availableMemoryMb":512,"serviceAccountEmail":"vouched4vouchers@appspot.gserviceaccount.com","updateTime":"2026-01-05T15:59:45.708172912Z","versionId":"1","labels":{"deployment-tool":"cli-firebase","deployment-scheduled":"true","firebase-functions-hash":"3b90a9329cf952ef635d0e73d17e2a1cbc82dc3f"},"sourceUploadUrl":"https://storage.googleapis.com/uploads-880048270276.us-central1.cloudfunctions.appspot.com/84df391b-2668-4873-8c1a-e24fe9599e1d.zip","environmentVariables":{"FIREBASE_CONFIG":"{\"projectId\":\"vouched4vouchers\",\"storageBucket\":\"vouched4vouchers.firebasestorage.app\"}","GCLOUD_PROJECT":"vouched4vouchers","EVENTARC_CLOUD_EVENT_SOURCE":"projects/vouched4vouchers/locations/us-central1/functions/refreshDealsPageCache"},"runtime":"nodejs22","maxInstances":3000,"ingressSettings":"ALLOW_ALL","buildId":"20c746b2-fd6e-472e-a2b6-dd5303d407ed","buildEnvironmentVariables":{"GOOGLE_NODE_RUN_SCRIPTS":""},"buildName":"projects/611170509618/locations/us-central1/builds/20c746b2-fd6e-472e-a2b6-dd5303d407ed","dockerRegistry":"ARTIFACT_REGISTRY","automaticUpdatePolicy":{},"buildServiceAccount":"projects/vouched4vouchers/serviceAccounts/611170509618-compute@developer.gserviceaccount.com","satisfiesPzi":true},{"name":"projects/vouched4vouchers/locations/us-central1/functions/syncAwinPromotions","eventTrigger":{"eventType":"google.pubsub.topic.publish","resource":"projects/vouched4vouchers/topics/firebase-schedule-syncAwinPromotions-us-central1","service":"pubsub.googleapis.com","failurePolicy":{}},"status":"ACTIVE","entryPoint":"syncAwinPromotions","timeout":"540s","availableMemoryMb":1024,"serviceAccountEmail":"vouched4vouchers@appspot.gserviceaccount.com","updateTime":"2025-12-12T12:57:27.245Z","versionId":"63","labels":{"deployment-tool":"cli-firebase","deployment-scheduled":"true","firebase-functions-hash":"466758d5b60eebc70ad72e3580e49075b456473a"},"sourceUploadUrl":"https://storage.googleapis.com/uploads-880048270276.us-central1.cloudfunctions.appspot.com/47e82525-0512-476e-8d7a-2c1acb55901c.zip","environmentVariables":{"FIREBASE_CONFIG":"{\"projectId\":\"vouched4vouchers\",\"storageBucket\":\"vouched4vouchers.firebasestorage.app\"}","GCLOUD_PROJECT":"vouched4vouchers","EVENTARC_CLOUD_EVENT_SOURCE":"projects/vouched4vouchers/locations/us-central1/functions/syncAwinPromotions"},"runtime":"nodejs22","maxInstances":3000,"ingressSettings":"ALLOW_ALL","buildId":"a5ef72f7-c5ee-4f3f-816a-6c6ed2dde52a","buildEnvironmentVariables":{"GOOGLE_NODE_RUN_SCRIPTS":""},"buildName":"projects/611170509618/locations/us-central1/builds/a5ef72f7-c5ee-4f3f-816a-6c6ed2dde52a","dockerRegistry":"ARTIFACT_REGISTRY","automaticUpdatePolicy":{},"buildServiceAccount":"projects/vouched4vouchers/serviceAccounts/611170509618-compute@developer.gserviceaccount.com","satisfiesPzi":true},{"name":"projects/vouched4vouchers/locations/us-central1/functions/scheduledCategoriesDealCountUpdate","eventTrigger":{"eventType":"google.pubsub.topic.publish","resource":"projects/vouched4vouchers/topics/firebase-schedule-scheduledCategoriesDealCountUpdate-us-central1","service":"pubsub.googleapis.com","failurePolicy":{}},"status":"ACTIVE","entryPoint":"scheduledCategoriesDealCountUpdate","timeout":"540s","availableMemoryMb":1024,"serviceAccountEmail":"vouched4vouchers@appspot.gserviceaccount.com","updateTime":"2025-12-12T12:57:26.212Z","versionId":"10","labels":{"deployment-scheduled":"true","firebase-functions-hash":"466758d5b60eebc70ad72e3580e49075b456473a","deployment-tool":"cli-firebase"},"sourceUploadUrl":"https://storage.googleapis.com/uploads-880048270276.us-central1.cloudfunctions.appspot.com/47e82525-0512-476e-8d7a-2c1acb55901c.zip","environmentVariables":{"FIREBASE_CONFIG":"{\"projectId\":\"vouched4vouchers\",\"storageBucket\":\"vouched4vouchers.firebasestorage.app\"}","GCLOUD_PROJECT":"vouched4vouchers","EVENTARC_CLOUD_EVENT_SOURCE":"projects/vouched4vouchers/locations/us-central1/functions/scheduledCategoriesDealCountUpdate"},"runtime":"nodejs22","maxInstances":3000,"ingressSettings":"ALLOW_ALL","buildId":"a5ef72f7-c5ee-4f3f-816a-6c6ed2dde52a","buildEnvironmentVariables":{"GOOGLE_NODE_RUN_SCRIPTS":""},"buildName":"projects/611170509618/locations/us-central1/builds/a5ef72f7-c5ee-4f3f-816a-6c6ed2dde52a","dockerRegistry":"ARTIFACT_REGISTRY","automaticUpdatePolicy":{},"buildServiceAccount":"projects/vouched4vouchers/serviceAccounts/611170509618-compute@developer.gserviceaccount.com","satisfiesPzi":true},{"name":"projects/vouched4vouchers/locations/us-central1/functions/searchDeals","httpsTrigger":{"url":"https://us-central1-vouched4vouchers.cloudfunctions.net/searchDeals","securityLevel":"SECURE_ALWAYS"},"status":"ACTIVE","entryPoint":"searchDeals","timeout":"30s","availableMemoryMb":512,"serviceAccountEmail":"vouched4vouchers@appspot.gserviceaccount.com","updateTime":"2026-01-05T16:07:55.726824170Z","versionId":"1","labels":{"firebase-functions-hash":"59a853cf265efba8830cf56355cd80878c44bc36","deployment-tool":"cli-firebase","deployment-callable":"true"},"sourceUploadUrl":"https://storage.googleapis.com/uploads-880048270276.us-central1.cloudfunctions.appspot.com/581a1d3c-ddce-4c71-b918-7f2bff618925.zip","environmentVariables":{"FIREBASE_CONFIG":"{\"projectId\":\"vouched4vouchers\",\"storageBucket\":\"vouched4vouchers.firebasestorage.app\"}","GCLOUD_PROJECT":"vouched4vouchers","EVENTARC_CLOUD_EVENT_SOURCE":"projects/vouched4vouchers/locations/us-central1/functions/searchDeals"},"runtime":"nodejs22","ingressSettings":"ALLOW_ALL","buildId":"5cf80cc6-a46f-404f-af7b-7645a5a4d126","buildEnvironmentVariables":{"GOOGLE_NODE_RUN_SCRIPTS":""},"buildName":"projects/611170509618/locations/us-central1/builds/5cf80cc6-a46f-404f-af7b-7645a5a4d126","dockerRegistry":"ARTIFACT_REGISTRY","automaticUpdatePolicy":{},"buildServiceAccount":"projects/vouched4vouchers/serviceAccounts/611170509618-compute@developer.gserviceaccount.com","satisfiesPzi":true},{"name":"projects/vouched4vouchers/locations/us-central1/functions/scheduledBrandsDealCountUpdate","eventTrigger":{"eventType":"google.pubsub.topic.publish","resource":"projects/vouched4vouchers/topics/firebase-schedule-scheduledBrandsDealCountUpdate-us-central1","service":"pubsub.googleapis.com","failurePolicy":{}},"status":"ACTIVE","entryPoint":"scheduledBrandsDealCountUpdate","timeout":"540s","availableMemoryMb":1024,"serviceAccountEmail":"vouched4vouchers@appspot.gserviceaccount.com","updateTime":"2025-12-12T12:57:12.594Z","versionId":"10","labels":{"deployment-tool":"cli-firebase","deployment-scheduled":"true","firebase-functions-hash":"466758d5b60eebc70ad72e3580e49075b456473a"},"sourceUploadUrl":"https://storage.googleapis.com/uploads-880048270276.us-central1.cloudfunctions.appspot.com/47e82525-0512-476e-8d7a-2c1acb55901c.zip","environmentVariables":{"FIREBASE_CONFIG":"{\"projectId\":\"vouched4vouchers\",\"storageBucket\":\"vouched4vouchers.firebasestorage.app\"}","GCLOUD_PROJECT":"vouched4vouchers","EVENTARC_CLOUD_EVENT_SOURCE":"projects/vouched4vouchers/locations/us-central1/functions/scheduledBrandsDealCountUpdate"},"runtime":"nodejs22","maxInstances":3000,"ingressSettings":"ALLOW_ALL","buildId":"a5ef72f7-c5ee-4f3f-816a-6c6ed2dde52a","buildEnvironmentVariables":{"GOOGLE_NODE_RUN_SCRIPTS":""},"buildName":"projects/611170509618/locations/us-central1/builds/a5ef72f7-c5ee-4f3f-816a-6c6ed2dde52a","dockerRegistry":"ARTIFACT_REGISTRY","automaticUpdatePolicy":{},"buildServiceAccount":"projects/vouched4vouchers/serviceAccounts/611170509618-compute@developer.gserviceaccount.com","satisfiesPzi":true},{"name":"projects/vouched4vouchers/locations/us-central1/functions/refreshBrandsPageCache","eventTrigger":{"eventType":"google.pubsub.topic.publish","resource":"projects/vouched4vouchers/topics/firebase-schedule-refreshBrandsPageCache-us-central1","service":"pubsub.googleapis.com","failurePolicy":{}},"status":"ACTIVE","entryPoint":"refreshBrandsPageCache","timeout":"300s","availableMemoryMb":512,"serviceAccountEmail":"vouched4vouchers@appspot.gserviceaccount.com","updateTime":"2026-01-05T18:48:43.703278800Z","versionId":"1","labels":{"deployment-tool":"cli-firebase","deployment-scheduled":"true","firebase-functions-hash":"55d7293a1e2c32bddd3adf7ae3283d8db44cf84d"},"sourceUploadUrl":"https://storage.googleapis.com/uploads-880048270276.us-central1.cloudfunctions.appspot.com/ea11572d-c769-460a-ac5e-68bf0e245ec9.zip","environmentVariables":{"FIREBASE_CONFIG":"{\"projectId\":\"vouched4vouchers\",\"storageBucket\":\"vouched4vouchers.firebasestorage.app\"}","GCLOUD_PROJECT":"vouched4vouchers","EVENTARC_CLOUD_EVENT_SOURCE":"projects/vouched4vouchers/locations/us-central1/functions/refreshBrandsPageCache"},"runtime":"nodejs22","maxInstances":3000,"ingressSettings":"ALLOW_ALL","buildId":"8eb56673-b539-4abe-a462-142286ebb32a","buildEnvironmentVariables":{"GOOGLE_NODE_RUN_SCRIPTS":""},"buildName":"projects/611170509618/locations/us-central1/builds/8eb56673-b539-4abe-a462-142286ebb32a","dockerRegistry":"ARTIFACT_REGISTRY","automaticUpdatePolicy":{},"buildServiceAccount":"projects/vouched4vouchers/serviceAccounts/611170509618-compute@developer.gserviceaccount.com","satisfiesPzi":true},{"name":"projects/vouched4vouchers/locations/us-central1/functions/refreshHomepageCache","eventTrigger":{"eventType":"google.pubsub.topic.publish","resource":"projects/vouched4vouchers/topics/firebase-schedule-refreshHomepageCache-us-central1","service":"pubsub.googleapis.com","failurePolicy":{}},"status":"ACTIVE","entryPoint":"refreshHomepageCache","timeout":"300s","availableMemoryMb":512,"serviceAccountEmail":"vouched4vouchers@appspot.gserviceaccount.com","updateTime":"2026-01-03T11:22:19.363Z","versionId":"5","labels":{"deployment-tool":"cli-firebase","deployment-scheduled":"true","firebase-functions-hash":"001113c98cc26893b135c1a83a537b6a9f9af7d3"},"sourceUploadUrl":"https://storage.googleapis.com/uploads-880048270276.us-central1.cloudfunctions.appspot.com/f6a7f944-dfd8-47e3-ad32-b164715add2e.zip","environmentVariables":{"FIREBASE_CONFIG":"{\"projectId\":\"vouched4vouchers\",\"storageBucket\":\"vouched4vouchers.firebasestorage.app\"}","GCLOUD_PROJECT":"vouched4vouchers","EVENTARC_CLOUD_EVENT_SOURCE":"projects/vouched4vouchers/locations/us-central1/functions/refreshHomepageCache"},"runtime":"nodejs22","maxInstances":3000,"ingressSettings":"ALLOW_ALL","buildId":"c59c6949-691a-4453-ba48-7a57754bcbbb","buildEnvironmentVariables":{"GOOGLE_NODE_RUN_SCRIPTS":""},"buildName":"projects/611170509618/locations/us-central1/builds/c59c6949-691a-4453-ba48-7a57754bcbbb","dockerRegistry":"ARTIFACT_REGISTRY","automaticUpdatePolicy":{},"buildServiceAccount":"projects/vouched4vouchers/serviceAccounts/611170509618-compute@developer.gserviceaccount.com","satisfiesPzi":true},{"name":"projects/vouched4vouchers/locations/us-central1/functions/syncAwinBrands","eventTrigger":{"eventType":"google.pubsub.topic.publish","resource":"projects/vouched4vouchers/topics/firebase-schedule-syncAwinBrands-us-central1","service":"pubsub.googleapis.com","failurePolicy":{}},"status":"ACTIVE","entryPoint":"syncAwinBrands","timeout":"540s","availableMemoryMb":1024,"serviceAccountEmail":"vouched4vouchers@appspot.gserviceaccount.com","updateTime":"2025-12-12T12:57:27.828Z","versionId":"44","labels":{"deployment-tool":"cli-firebase","deployment-scheduled":"true","firebase-functions-hash":"466758d5b60eebc70ad72e3580e49075b456473a"},"sourceUploadUrl":"https://storage.googleapis.com/uploads-880048270276.us-central1.cloudfunctions.appspot.com/47e82525-0512-476e-8d7a-2c1acb55901c.zip","environmentVariables":{"FIREBASE_CONFIG":"{\"projectId\":\"vouched4vouchers\",\"storageBucket\":\"vouched4vouchers.firebasestorage.app\"}","GCLOUD_PROJECT":"vouched4vouchers","EVENTARC_CLOUD_EVENT_SOURCE":"projects/vouched4vouchers/locations/us-central1/functions/syncAwinBrands"},"runtime":"nodejs22","maxInstances":3000,"ingressSettings":"ALLOW_ALL","buildId":"a5ef72f7-c5ee-4f3f-816a-6c6ed2dde52a","buildEnvironmentVariables":{"GOOGLE_NODE_RUN_SCRIPTS":""},"buildName":"projects/611170509618/locations/us-central1/builds/a5ef72f7-c5ee-4f3f-816a-6c6ed2dde52a","dockerRegistry":"ARTIFACT_REGISTRY","automaticUpdatePolicy":{},"buildServiceAccount":"projects/vouched4vouchers/serviceAccounts/611170509618-compute@developer.gserviceaccount.com","satisfiesPzi":true},{"name":"projects/vouched4vouchers/locations/us-central1/functions/refreshCategoriesPageCache","eventTrigger":{"eventType":"google.pubsub.topic.publish","resource":"projects/vouched4vouchers/topics/firebase-schedule-refreshCategoriesPageCache-us-central1","service":"pubsub.googleapis.com","failurePolicy":{}},"status":"ACTIVE","entryPoint":"refreshCategoriesPageCache","timeout":"300s","availableMemoryMb":512,"serviceAccountEmail":"vouched4vouchers@appspot.gserviceaccount.com","updateTime":"2026-01-05T18:48:57.076131262Z","versionId":"1","labels":{"deployment-tool":"cli-firebase","deployment-scheduled":"true","firebase-functions-hash":"55d7293a1e2c32bddd3adf7ae3283d8db44cf84d"},"sourceUploadUrl":"https://storage.googleapis.com/uploads-880048270276.us-central1.cloudfunctions.appspot.com/ea11572d-c769-460a-ac5e-68bf0e245ec9.zip","environmentVariables":{"FIREBASE_CONFIG":"{\"projectId\":\"vouched4vouchers\",\"storageBucket\":\"vouched4vouchers.firebasestorage.app\"}","GCLOUD_PROJECT":"vouched4vouchers","EVENTARC_CLOUD_EVENT_SOURCE":"projects/vouched4vouchers/locations/us-central1/functions/refreshCategoriesPageCache"},"runtime":"nodejs22","maxInstances":3000,"ingressSettings":"ALLOW_ALL","buildId":"8eb56673-b539-4abe-a462-142286ebb32a","buildEnvironmentVariables":{"GOOGLE_NODE_RUN_SCRIPTS":""},"buildName":"projects/611170509618/locations/us-central1/builds/8eb56673-b539-4abe-a462-142286ebb32a","dockerRegistry":"ARTIFACT_REGISTRY","automaticUpdatePolicy":{},"buildServiceAccount":"projects/vouched4vouchers/serviceAccounts/611170509618-compute@developer.gserviceaccount.com","satisfiesPzi":true},{"name":"projects/vouched4vouchers/locations/us-central1/functions/buildSearchIndex","eventTrigger":{"eventType":"google.pubsub.topic.publish","resource":"projects/vouched4vouchers/topics/firebase-schedule-buildSearchIndex-us-central1","service":"pubsub.googleapis.com","failurePolicy":{}},"status":"ACTIVE","entryPoint":"buildSearchIndex","timeout":"540s","availableMemoryMb":1024,"serviceAccountEmail":"vouched4vouchers@appspot.gserviceaccount.com","updateTime":"2026-01-05T16:13:11.265Z","versionId":"2","labels":{"deployment-tool":"cli-firebase","deployment-scheduled":"true","firebase-functions-hash":"7000d886296bc6b600619d1dc301e45a941dd3f0"},"sourceUploadUrl":"https://storage.googleapis.com/uploads-880048270276.us-central1.cloudfunctions.appspot.com/5e9562f8-b168-449e-a9fc-aae6830a7675.zip","environmentVariables":{"FIREBASE_CONFIG":"{\"projectId\":\"vouched4vouchers\",\"storageBucket\":\"vouched4vouchers.firebasestorage.app\"}","GCLOUD_PROJECT":"vouched4vouchers","EVENTARC_CLOUD_EVENT_SOURCE":"projects/vouched4vouchers/locations/us-central1/functions/buildSearchIndex"},"runtime":"nodejs22","maxInstances":3000,"ingressSettings":"ALLOW_ALL","buildId":"a0939803-963a-442b-8884-b0a17a4ed9b3","buildEnvironmentVariables":{"GOOGLE_NODE_RUN_SCRIPTS":""},"buildName":"projects/611170509618/locations/us-central1/builds/a0939803-963a-442b-8884-b0a17a4ed9b3","dockerRegistry":"ARTIFACT_REGISTRY","automaticUpdatePolicy":{},"buildServiceAccount":"projects/vouched4vouchers/serviceAccounts/611170509618-compute@developer.gserviceaccount.com","satisfiesPzi":true}]}
[debug] [2026-01-05T18:54:11.372Z] Checked if tokens are valid: true, expires at: 1767642436033
[debug] [2026-01-05T18:54:11.372Z] Checked if tokens are valid: true, expires at: 1767642436033
[debug] [2026-01-05T18:54:11.372Z] >>> [apiv2][query] GET https://cloudfunctions.googleapis.com/v2/projects/vouched4vouchers/locations/-/functions filter=environment%3D%22GEN_2%22
[debug] [2026-01-05T18:54:12.340Z] <<< [apiv2][status] GET https://cloudfunctions.googleapis.com/v2/projects/vouched4vouchers/locations/-/functions 200
[debug] [2026-01-05T18:54:12.340Z] <<< [apiv2][body] GET https://cloudfunctions.googleapis.com/v2/projects/vouched4vouchers/locations/-/functions {}
[info] i  functions: ensuring required API cloudscheduler.googleapis.com is enabled... 
[debug] [2026-01-05T18:54:12.343Z] Checked if tokens are valid: true, expires at: 1767642436033
[debug] [2026-01-05T18:54:12.343Z] Checked if tokens are valid: true, expires at: 1767642436033
[debug] [2026-01-05T18:54:12.343Z] >>> [apiv2][query] GET https://serviceusage.googleapis.com/v1/projects/611170509618/services/cloudscheduler.googleapis.com [none]
[debug] [2026-01-05T18:54:12.343Z] >>> [apiv2][(partial)header] GET https://serviceusage.googleapis.com/v1/projects/611170509618/services/cloudscheduler.googleapis.com x-goog-quota-user=projects/611170509618
[debug] [2026-01-05T18:54:13.199Z] <<< [apiv2][status] GET https://serviceusage.googleapis.com/v1/projects/611170509618/services/cloudscheduler.googleapis.com 200
[debug] [2026-01-05T18:54:13.199Z] <<< [apiv2][body] GET https://serviceusage.googleapis.com/v1/projects/611170509618/services/cloudscheduler.googleapis.com [omitted]
[info] ✔  functions: required API cloudscheduler.googleapis.com is enabled 
[debug] [2026-01-05T18:54:13.203Z] Checked if tokens are valid: true, expires at: 1767642436033
[debug] [2026-01-05T18:54:13.203Z] Checked if tokens are valid: true, expires at: 1767642436033
[debug] [2026-01-05T18:54:13.203Z] >>> [apiv2][query] GET https://serviceusage.googleapis.com/v1/projects/vouched4vouchers/services/cloudresourcemanager.googleapis.com [none]
[debug] [2026-01-05T18:54:13.203Z] >>> [apiv2][(partial)header] GET https://serviceusage.googleapis.com/v1/projects/vouched4vouchers/services/cloudresourcemanager.googleapis.com x-goog-quota-user=projects/vouched4vouchers
[debug] [2026-01-05T18:54:13.560Z] <<< [apiv2][status] GET https://serviceusage.googleapis.com/v1/projects/vouched4vouchers/services/cloudresourcemanager.googleapis.com 200
[debug] [2026-01-05T18:54:13.560Z] <<< [apiv2][body] GET https://serviceusage.googleapis.com/v1/projects/vouched4vouchers/services/cloudresourcemanager.googleapis.com [omitted]
[debug] [2026-01-05T18:54:13.560Z] Checked if tokens are valid: true, expires at: 1767642436033
[debug] [2026-01-05T18:54:13.560Z] Checked if tokens are valid: true, expires at: 1767642436033
[debug] [2026-01-05T18:54:13.561Z] >>> [apiv2][query] GET https://cloudresourcemanager.googleapis.com/v1/projects/vouched4vouchers [none]
[debug] [2026-01-05T18:54:13.756Z] <<< [apiv2][status] GET https://cloudresourcemanager.googleapis.com/v1/projects/vouched4vouchers 200
[debug] [2026-01-05T18:54:13.756Z] <<< [apiv2][body] GET https://cloudresourcemanager.googleapis.com/v1/projects/vouched4vouchers {"projectNumber":"611170509618","projectId":"vouched4vouchers","lifecycleState":"ACTIVE","name":"Vouched4Vouchers","labels":{"firebase":"enabled","firebase-core":"disabled"},"createTime":"2025-01-15T13:33:57.085327Z"}
[debug] [2026-01-05T18:54:13.758Z] Checked if tokens are valid: true, expires at: 1767642436033
[debug] [2026-01-05T18:54:13.758Z] Checked if tokens are valid: true, expires at: 1767642436033
[debug] [2026-01-05T18:54:13.759Z] >>> [apiv2][query] GET https://cloudbilling.googleapis.com/v1/projects/vouched4vouchers/billingInfo [none]
[debug] [2026-01-05T18:54:14.025Z] <<< [apiv2][status] GET https://cloudbilling.googleapis.com/v1/projects/vouched4vouchers/billingInfo 200
[debug] [2026-01-05T18:54:14.025Z] <<< [apiv2][body] GET https://cloudbilling.googleapis.com/v1/projects/vouched4vouchers/billingInfo {"name":"projects/vouched4vouchers/billingInfo","projectId":"vouched4vouchers","billingAccountName":"billingAccounts/016758-24E42F-D24745","billingEnabled":true}
[debug] [2026-01-05T18:54:14.027Z] Checked if tokens are valid: true, expires at: 1767642436033
[debug] [2026-01-05T18:54:14.027Z] Checked if tokens are valid: true, expires at: 1767642436033
[debug] [2026-01-05T18:54:14.028Z] >>> [apiv2][query] POST https://cloudfunctions.googleapis.com/v1/projects/vouched4vouchers/locations/us-central1/functions:generateUploadUrl [none]
[debug] [2026-01-05T18:54:14.028Z] >>> [apiv2][body] POST https://cloudfunctions.googleapis.com/v1/projects/vouched4vouchers/locations/us-central1/functions:generateUploadUrl {}
[debug] [2026-01-05T18:54:14.512Z] <<< [apiv2][status] POST https://cloudfunctions.googleapis.com/v1/projects/vouched4vouchers/locations/us-central1/functions:generateUploadUrl 200
[debug] [2026-01-05T18:54:14.512Z] <<< [apiv2][body] POST https://cloudfunctions.googleapis.com/v1/projects/vouched4vouchers/locations/us-central1/functions:generateUploadUrl {"uploadUrl":"https://storage.googleapis.com/uploads-880048270276.us-central1.cloudfunctions.appspot.com/421e401c-d89d-4113-885b-7a4ffa74e42b.zip?GoogleAccessId=service-611170509618@gcf-admin-robot.iam.gserviceaccount.com&Expires=1767641054&Signature=TlIkRFX%2FY1mkRSDBwPt08Yg0ToErcf6jdurHDpORl9AjP5GVK7m3rI8ICryy3arvzgSRXgoMq2%2FfTBazx7Nw%2BkAb5y%2FGCKvsOyCe9MFYVyZS9SyIr%2FM52Jz7sG3IvXWhSdShu9FwQ%2Bil5MC2fhQnsS%2FsDYYoTtHuhQAbjDGdB4K0K0sU4OPUSTUks7rFFt2VOqrAnuWqCsyRepOpTlE%2BZFYyK270%2FLzU0VHFYpN2mz1jDNYkVD3qjRgbLWR0fOsEWWiE2fmKnS2QFi3h3H5XMFrmHSrmCO151EsMYua%2Bd6EDIAcGQkcnZN%2FzD4Yi78nBYK%2B6Tg0E7n1IprxhgsWaTg%3D%3D"}
[debug] [2026-01-05T18:54:14.514Z] >>> [apiv2][query] PUT https://storage.googleapis.com/uploads-880048270276.us-central1.cloudfunctions.appspot.com/421e401c-d89d-4113-885b-7a4ffa74e42b.zip GoogleAccessId=service-611170509618%40gcf-admin-robot.iam.gserviceaccount.com&Expires=1767641054&Signature=TlIkRFX%2FY1mkRSDBwPt08Yg0ToErcf6jdurHDpORl9AjP5GVK7m3rI8ICryy3arvzgSRXgoMq2%2FfTBazx7Nw%2BkAb5y%2FGCKvsOyCe9MFYVyZS9SyIr%2FM52Jz7sG3IvXWhSdShu9FwQ%2Bil5MC2fhQnsS%2FsDYYoTtHuhQAbjDGdB4K0K0sU4OPUSTUks7rFFt2VOqrAnuWqCsyRepOpTlE%2BZFYyK270%2FLzU0VHFYpN2mz1jDNYkVD3qjRgbLWR0fOsEWWiE2fmKnS2QFi3h3H5XMFrmHSrmCO151EsMYua%2Bd6EDIAcGQkcnZN%2FzD4Yi78nBYK%2B6Tg0E7n1IprxhgsWaTg%3D%3D
[debug] [2026-01-05T18:54:14.514Z] >>> [apiv2][body] PUT https://storage.googleapis.com/uploads-880048270276.us-central1.cloudfunctions.appspot.com/421e401c-d89d-4113-885b-7a4ffa74e42b.zip [stream]
[debug] [2026-01-05T18:54:15.065Z] <<< [apiv2][status] PUT https://storage.googleapis.com/uploads-880048270276.us-central1.cloudfunctions.appspot.com/421e401c-d89d-4113-885b-7a4ffa74e42b.zip 200
[debug] [2026-01-05T18:54:15.065Z] <<< [apiv2][body] PUT https://storage.googleapis.com/uploads-880048270276.us-central1.cloudfunctions.appspot.com/421e401c-d89d-4113-885b-7a4ffa74e42b.zip [omitted]
[info] ✔  functions: functions folder uploaded successfully 
[info] i  functions: updating Node.js 22 (1st Gen) function refreshCategoriesPageCache(us-central1)... 
[debug] [2026-01-05T18:54:15.072Z] Checked if tokens are valid: true, expires at: 1767642436033
[debug] [2026-01-05T18:54:15.072Z] Checked if tokens are valid: true, expires at: 1767642436033
[debug] [2026-01-05T18:54:15.072Z] >>> [apiv2][query] PATCH https://cloudfunctions.googleapis.com/v1/projects/vouched4vouchers/locations/us-central1/functions/refreshCategoriesPageCache updateMask=name%2CsourceUploadUrl%2CentryPoint%2Cruntime%2CdockerRegistry%2Clabels%2CeventTrigger.eventType%2CeventTrigger.resource%2CminInstances%2CmaxInstances%2CingressSettings%2CenvironmentVariables%2CserviceAccountEmail%2CavailableMemoryMb%2Ctimeout%2CvpcConnector%2CvpcConnectorEgressSettings%2CsourceToken%2CbuildEnvironmentVariables
[debug] [2026-01-05T18:54:15.072Z] >>> [apiv2][body] PATCH https://cloudfunctions.googleapis.com/v1/projects/vouched4vouchers/locations/us-central1/functions/refreshCategoriesPageCache {"name":"projects/vouched4vouchers/locations/us-central1/functions/refreshCategoriesPageCache","sourceUploadUrl":"https://storage.googleapis.com/uploads-880048270276.us-central1.cloudfunctions.appspot.com/421e401c-d89d-4113-885b-7a4ffa74e42b.zip?GoogleAccessId=service-611170509618@gcf-admin-robot.iam.gserviceaccount.com&Expires=1767641054&Signature=TlIkRFX%2FY1mkRSDBwPt08Yg0ToErcf6jdurHDpORl9AjP5GVK7m3rI8ICryy3arvzgSRXgoMq2%2FfTBazx7Nw%2BkAb5y%2FGCKvsOyCe9MFYVyZS9SyIr%2FM52Jz7sG3IvXWhSdShu9FwQ%2Bil5MC2fhQnsS%2FsDYYoTtHuhQAbjDGdB4K0K0sU4OPUSTUks7rFFt2VOqrAnuWqCsyRepOpTlE%2BZFYyK270%2FLzU0VHFYpN2mz1jDNYkVD3qjRgbLWR0fOsEWWiE2fmKnS2QFi3h3H5XMFrmHSrmCO151EsMYua%2Bd6EDIAcGQkcnZN%2FzD4Yi78nBYK%2B6Tg0E7n1IprxhgsWaTg%3D%3D","entryPoint":"refreshCategoriesPageCache","runtime":"nodejs22","dockerRegistry":"ARTIFACT_REGISTRY","labels":{"deployment-tool":"cli-firebase","deployment-scheduled":"true","firebase-functions-hash":"09952d824dc03fca764185170124be70d6dffdf6"},"eventTrigger":{"eventType":"google.pubsub.topic.publish","resource":"projects/vouched4vouchers/topics/firebase-schedule-refreshCategoriesPageCache-us-central1"},"minInstances":null,"maxInstances":null,"ingressSettings":null,"environmentVariables":{"FIREBASE_CONFIG":"{\"projectId\":\"vouched4vouchers\",\"storageBucket\":\"vouched4vouchers.firebasestorage.app\"}","GCLOUD_PROJECT":"vouched4vouchers","EVENTARC_CLOUD_EVENT_SOURCE":"projects/vouched4vouchers/locations/us-central1/functions/refreshCategoriesPageCache"},"serviceAccountEmail":null,"availableMemoryMb":512,"timeout":"300s","vpcConnector":null,"vpcConnectorEgressSettings":null,"buildEnvironmentVariables":{"GOOGLE_NODE_RUN_SCRIPTS":""}}
[debug] [2026-01-05T18:54:15.513Z] <<< [apiv2][status] PATCH https://cloudfunctions.googleapis.com/v1/projects/vouched4vouchers/locations/us-central1/functions/refreshCategoriesPageCache 200
[debug] [2026-01-05T18:54:15.513Z] <<< [apiv2][body] PATCH https://cloudfunctions.googleapis.com/v1/projects/vouched4vouchers/locations/us-central1/functions/refreshCategoriesPageCache {"name":"operations/dm91Y2hlZDR2b3VjaGVycy91cy1jZW50cmFsMS9yZWZyZXNoQ2F0ZWdvcmllc1BhZ2VDYWNoZS9BVzktcFdzam4yOA","metadata":{"@type":"type.googleapis.com/google.cloud.functions.v1.OperationMetadataV1","target":"projects/vouched4vouchers/locations/us-central1/functions/refreshCategoriesPageCache","type":"UPDATE_FUNCTION","request":{"@type":"type.googleapis.com/google.cloud.functions.v1.CloudFunction","name":"projects/vouched4vouchers/locations/us-central1/functions/refreshCategoriesPageCache","eventTrigger":{"eventType":"google.pubsub.topic.publish","resource":"projects/vouched4vouchers/topics/firebase-schedule-refreshCategoriesPageCache-us-central1","service":"pubsub.googleapis.com","failurePolicy":{}},"status":"ACTIVE","entryPoint":"refreshCategoriesPageCache","timeout":"300s","availableMemoryMb":512,"updateTime":"2026-01-05T18:48:56.529Z","versionId":"1","labels":{"deployment-tool":"cli-firebase","deployment-scheduled":"true","firebase-functions-hash":"09952d824dc03fca764185170124be70d6dffdf6"},"sourceUploadUrl":"https://storage.googleapis.com/uploads-880048270276.us-central1.cloudfunctions.appspot.com/421e401c-d89d-4113-885b-7a4ffa74e42b.zip?GoogleAccessId=service-611170509618@gcf-admin-robot.iam.gserviceaccount.com&Expires=1767641054&Signature=TlIkRFX%2FY1mkRSDBwPt08Yg0ToErcf6jdurHDpORl9AjP5GVK7m3rI8ICryy3arvzgSRXgoMq2%2FfTBazx7Nw%2BkAb5y%2FGCKvsOyCe9MFYVyZS9SyIr%2FM52Jz7sG3IvXWhSdShu9FwQ%2Bil5MC2fhQnsS%2FsDYYoTtHuhQAbjDGdB4K0K0sU4OPUSTUks7rFFt2VOqrAnuWqCsyRepOpTlE%2BZFYyK270%2FLzU0VHFYpN2mz1jDNYkVD3qjRgbLWR0fOsEWWiE2fmKnS2QFi3h3H5XMFrmHSrmCO151EsMYua%2Bd6EDIAcGQkcnZN%2FzD4Yi78nBYK%2B6Tg0E7n1IprxhgsWaTg%3D%3D","environmentVariables":{"FIREBASE_CONFIG":"{\"projectId\":\"vouched4vouchers\",\"storageBucket\":\"vouched4vouchers.firebasestorage.app\"}","GCLOUD_PROJECT":"vouched4vouchers","EVENTARC_CLOUD_EVENT_SOURCE":"projects/vouched4vouchers/locations/us-central1/functions/refreshCategoriesPageCache"},"runtime":"nodejs22","buildId":"8eb56673-b539-4abe-a462-142286ebb32a","buildEnvironmentVariables":{"GOOGLE_NODE_RUN_SCRIPTS":""},"buildName":"projects/611170509618/locations/us-central1/builds/8eb56673-b539-4abe-a462-142286ebb32a","dockerRegistry":"ARTIFACT_REGISTRY","automaticUpdatePolicy":{},"buildServiceAccount":"projects/vouched4vouchers/serviceAccounts/611170509618-compute@developer.gserviceaccount.com"},"versionId":"2","updateTime":"2026-01-05T18:54:15Z"}}
[debug] [2026-01-05T18:54:15.514Z] Checked if tokens are valid: true, expires at: 1767642436033
[debug] [2026-01-05T18:54:15.514Z] Checked if tokens are valid: true, expires at: 1767642436033
[debug] [2026-01-05T18:54:15.514Z] >>> [apiv2][query] GET https://cloudfunctions.googleapis.com/v1/operations/dm91Y2hlZDR2b3VjaGVycy91cy1jZW50cmFsMS9yZWZyZXNoQ2F0ZWdvcmllc1BhZ2VDYWNoZS9BVzktcFdzam4yOA [none]
[debug] [2026-01-05T18:54:15.715Z] <<< [apiv2][status] GET https://cloudfunctions.googleapis.com/v1/operations/dm91Y2hlZDR2b3VjaGVycy91cy1jZW50cmFsMS9yZWZyZXNoQ2F0ZWdvcmllc1BhZ2VDYWNoZS9BVzktcFdzam4yOA 200
[debug] [2026-01-05T18:54:15.715Z] <<< [apiv2][body] GET https://cloudfunctions.googleapis.com/v1/operations/dm91Y2hlZDR2b3VjaGVycy91cy1jZW50cmFsMS9yZWZyZXNoQ2F0ZWdvcmllc1BhZ2VDYWNoZS9BVzktcFdzam4yOA {"name":"operations/dm91Y2hlZDR2b3VjaGVycy91cy1jZW50cmFsMS9yZWZyZXNoQ2F0ZWdvcmllc1BhZ2VDYWNoZS9BVzktcFdzam4yOA","metadata":{"@type":"type.googleapis.com/google.cloud.functions.v1.OperationMetadataV1","target":"projects/vouched4vouchers/locations/us-central1/functions/refreshCategoriesPageCache","type":"UPDATE_FUNCTION","request":{"@type":"type.googleapis.com/google.cloud.functions.v1.CloudFunction","name":"projects/vouched4vouchers/locations/us-central1/functions/refreshCategoriesPageCache","eventTrigger":{"eventType":"google.pubsub.topic.publish","resource":"projects/vouched4vouchers/topics/firebase-schedule-refreshCategoriesPageCache-us-central1","service":"pubsub.googleapis.com","failurePolicy":{}},"status":"ACTIVE","entryPoint":"refreshCategoriesPageCache","timeout":"300s","availableMemoryMb":512,"updateTime":"2026-01-05T18:48:56.529Z","versionId":"1","labels":{"deployment-tool":"cli-firebase","deployment-scheduled":"true","firebase-functions-hash":"09952d824dc03fca764185170124be70d6dffdf6"},"sourceUploadUrl":"https://storage.googleapis.com/uploads-880048270276.us-central1.cloudfunctions.appspot.com/421e401c-d89d-4113-885b-7a4ffa74e42b.zip?GoogleAccessId=service-611170509618@gcf-admin-robot.iam.gserviceaccount.com&Expires=1767641054&Signature=TlIkRFX%2FY1mkRSDBwPt08Yg0ToErcf6jdurHDpORl9AjP5GVK7m3rI8ICryy3arvzgSRXgoMq2%2FfTBazx7Nw%2BkAb5y%2FGCKvsOyCe9MFYVyZS9SyIr%2FM52Jz7sG3IvXWhSdShu9FwQ%2Bil5MC2fhQnsS%2FsDYYoTtHuhQAbjDGdB4K0K0sU4OPUSTUks7rFFt2VOqrAnuWqCsyRepOpTlE%2BZFYyK270%2FLzU0VHFYpN2mz1jDNYkVD3qjRgbLWR0fOsEWWiE2fmKnS2QFi3h3H5XMFrmHSrmCO151EsMYua%2Bd6EDIAcGQkcnZN%2FzD4Yi78nBYK%2B6Tg0E7n1IprxhgsWaTg%3D%3D","environmentVariables":{"FIREBASE_CONFIG":"{\"projectId\":\"vouched4vouchers\",\"storageBucket\":\"vouched4vouchers.firebasestorage.app\"}","GCLOUD_PROJECT":"vouched4vouchers","EVENTARC_CLOUD_EVENT_SOURCE":"projects/vouched4vouchers/locations/us-central1/functions/refreshCategoriesPageCache"},"runtime":"nodejs22","buildId":"8eb56673-b539-4abe-a462-142286ebb32a","buildEnvironmentVariables":{"GOOGLE_NODE_RUN_SCRIPTS":""},"buildName":"projects/611170509618/locations/us-central1/builds/8eb56673-b539-4abe-a462-142286ebb32a","dockerRegistry":"ARTIFACT_REGISTRY","automaticUpdatePolicy":{},"buildServiceAccount":"projects/vouched4vouchers/serviceAccounts/611170509618-compute@developer.gserviceaccount.com"},"versionId":"2","updateTime":"2026-01-05T18:54:15Z"}}
[debug] [2026-01-05T18:54:16.218Z] [update-default-us-central1-refreshCategoriesPageCache] Retrying task index 0
[debug] [2026-01-05T18:54:16.218Z] Checked if tokens are valid: true, expires at: 1767642436033
[debug] [2026-01-05T18:54:16.218Z] Checked if tokens are valid: true, expires at: 1767642436033
[debug] [2026-01-05T18:54:16.219Z] >>> [apiv2][query] GET https://cloudfunctions.googleapis.com/v1/operations/dm91Y2hlZDR2b3VjaGVycy91cy1jZW50cmFsMS9yZWZyZXNoQ2F0ZWdvcmllc1BhZ2VDYWNoZS9BVzktcFdzam4yOA [none]
[debug] [2026-01-05T18:54:16.492Z] <<< [apiv2][status] GET https://cloudfunctions.googleapis.com/v1/operations/dm91Y2hlZDR2b3VjaGVycy91cy1jZW50cmFsMS9yZWZyZXNoQ2F0ZWdvcmllc1BhZ2VDYWNoZS9BVzktcFdzam4yOA 200
[debug] [2026-01-05T18:54:16.492Z] <<< [apiv2][body] GET https://cloudfunctions.googleapis.com/v1/operations/dm91Y2hlZDR2b3VjaGVycy91cy1jZW50cmFsMS9yZWZyZXNoQ2F0ZWdvcmllc1BhZ2VDYWNoZS9BVzktcFdzam4yOA {"name":"operations/dm91Y2hlZDR2b3VjaGVycy91cy1jZW50cmFsMS9yZWZyZXNoQ2F0ZWdvcmllc1BhZ2VDYWNoZS9BVzktcFdzam4yOA","metadata":{"@type":"type.googleapis.com/google.cloud.functions.v1.OperationMetadataV1","target":"projects/vouched4vouchers/locations/us-central1/functions/refreshCategoriesPageCache","type":"UPDATE_FUNCTION","request":{"@type":"type.googleapis.com/google.cloud.functions.v1.CloudFunction","name":"projects/vouched4vouchers/locations/us-central1/functions/refreshCategoriesPageCache","eventTrigger":{"eventType":"google.pubsub.topic.publish","resource":"projects/vouched4vouchers/topics/firebase-schedule-refreshCategoriesPageCache-us-central1","service":"pubsub.googleapis.com","failurePolicy":{}},"status":"ACTIVE","entryPoint":"refreshCategoriesPageCache","timeout":"300s","availableMemoryMb":512,"updateTime":"2026-01-05T18:48:56.529Z","versionId":"1","labels":{"deployment-tool":"cli-firebase","deployment-scheduled":"true","firebase-functions-hash":"09952d824dc03fca764185170124be70d6dffdf6"},"sourceUploadUrl":"https://storage.googleapis.com/uploads-880048270276.us-central1.cloudfunctions.appspot.com/421e401c-d89d-4113-885b-7a4ffa74e42b.zip?GoogleAccessId=service-611170509618@gcf-admin-robot.iam.gserviceaccount.com&Expires=1767641054&Signature=TlIkRFX%2FY1mkRSDBwPt08Yg0ToErcf6jdurHDpORl9AjP5GVK7m3rI8ICryy3arvzgSRXgoMq2%2FfTBazx7Nw%2BkAb5y%2FGCKvsOyCe9MFYVyZS9SyIr%2FM52Jz7sG3IvXWhSdShu9FwQ%2Bil5MC2fhQnsS%2FsDYYoTtHuhQAbjDGdB4K0K0sU4OPUSTUks7rFFt2VOqrAnuWqCsyRepOpTlE%2BZFYyK270%2FLzU0VHFYpN2mz1jDNYkVD3qjRgbLWR0fOsEWWiE2fmKnS2QFi3h3H5XMFrmHSrmCO151EsMYua%2Bd6EDIAcGQkcnZN%2FzD4Yi78nBYK%2B6Tg0E7n1IprxhgsWaTg%3D%3D","environmentVariables":{"FIREBASE_CONFIG":"{\"projectId\":\"vouched4vouchers\",\"storageBucket\":\"vouched4vouchers.firebasestorage.app\"}","GCLOUD_PROJECT":"vouched4vouchers","EVENTARC_CLOUD_EVENT_SOURCE":"projects/vouched4vouchers/locations/us-central1/functions/refreshCategoriesPageCache"},"runtime":"nodejs22","buildId":"8eb56673-b539-4abe-a462-142286ebb32a","buildEnvironmentVariables":{"GOOGLE_NODE_RUN_SCRIPTS":""},"buildName":"projects/611170509618/locations/us-central1/builds/8eb56673-b539-4abe-a462-142286ebb32a","dockerRegistry":"ARTIFACT_REGISTRY","automaticUpdatePolicy":{},"buildServiceAccount":"projects/vouched4vouchers/serviceAccounts/611170509618-compute@developer.gserviceaccount.com"},"versionId":"2","updateTime":"2026-01-05T18:54:15Z","buildId":"dc6bb0da-c0f6-4838-81eb-3ca3e8af5d4e","buildName":"projects/611170509618/locations/us-central1/builds/dc6bb0da-c0f6-4838-81eb-3ca3e8af5d4e"}}
[debug] [2026-01-05T18:54:17.494Z] [update-default-us-central1-refreshCategoriesPageCache] Retrying task index 0
[debug] [2026-01-05T18:54:17.494Z] Checked if tokens are valid: true, expires at: 1767642436033
[debug] [2026-01-05T18:54:17.494Z] Checked if tokens are valid: true, expires at: 1767642436033
[debug] [2026-01-05T18:54:17.494Z] >>> [apiv2][query] GET https://cloudfunctions.googleapis.com/v1/operations/dm91Y2hlZDR2b3VjaGVycy91cy1jZW50cmFsMS9yZWZyZXNoQ2F0ZWdvcmllc1BhZ2VDYWNoZS9BVzktcFdzam4yOA [none]
[debug] [2026-01-05T18:54:17.683Z] <<< [apiv2][status] GET https://cloudfunctions.googleapis.com/v1/operations/dm91Y2hlZDR2b3VjaGVycy91cy1jZW50cmFsMS9yZWZyZXNoQ2F0ZWdvcmllc1BhZ2VDYWNoZS9BVzktcFdzam4yOA 200
[debug] [2026-01-05T18:54:17.684Z] <<< [apiv2][body] GET https://cloudfunctions.googleapis.com/v1/operations/dm91Y2hlZDR2b3VjaGVycy91cy1jZW50cmFsMS9yZWZyZXNoQ2F0ZWdvcmllc1BhZ2VDYWNoZS9BVzktcFdzam4yOA {"name":"operations/dm91Y2hlZDR2b3VjaGVycy91cy1jZW50cmFsMS9yZWZyZXNoQ2F0ZWdvcmllc1BhZ2VDYWNoZS9BVzktcFdzam4yOA","metadata":{"@type":"type.googleapis.com/google.cloud.functions.v1.OperationMetadataV1","target":"projects/vouched4vouchers/locations/us-central1/functions/refreshCategoriesPageCache","type":"UPDATE_FUNCTION","request":{"@type":"type.googleapis.com/google.cloud.functions.v1.CloudFunction","name":"projects/vouched4vouchers/locations/us-central1/functions/refreshCategoriesPageCache","eventTrigger":{"eventType":"google.pubsub.topic.publish","resource":"projects/vouched4vouchers/topics/firebase-schedule-refreshCategoriesPageCache-us-central1","service":"pubsub.googleapis.com","failurePolicy":{}},"status":"ACTIVE","entryPoint":"refreshCategoriesPageCache","timeout":"300s","availableMemoryMb":512,"updateTime":"2026-01-05T18:48:56.529Z","versionId":"1","labels":{"deployment-tool":"cli-firebase","deployment-scheduled":"true","firebase-functions-hash":"09952d824dc03fca764185170124be70d6dffdf6"},"sourceUploadUrl":"https://storage.googleapis.com/uploads-880048270276.us-central1.cloudfunctions.appspot.com/421e401c-d89d-4113-885b-7a4ffa74e42b.zip?GoogleAccessId=service-611170509618@gcf-admin-robot.iam.gserviceaccount.com&Expires=1767641054&Signature=TlIkRFX%2FY1mkRSDBwPt08Yg0ToErcf6jdurHDpORl9AjP5GVK7m3rI8ICryy3arvzgSRXgoMq2%2FfTBazx7Nw%2BkAb5y%2FGCKvsOyCe9MFYVyZS9SyIr%2FM52Jz7sG3IvXWhSdShu9FwQ%2Bil5MC2fhQnsS%2FsDYYoTtHuhQAbjDGdB4K0K0sU4OPUSTUks7rFFt2VOqrAnuWqCsyRepOpTlE%2BZFYyK270%2FLzU0VHFYpN2mz1jDNYkVD3qjRgbLWR0fOsEWWiE2fmKnS2QFi3h3H5XMFrmHSrmCO151EsMYua%2Bd6EDIAcGQkcnZN%2FzD4Yi78nBYK%2B6Tg0E7n1IprxhgsWaTg%3D%3D","environmentVariables":{"FIREBASE_CONFIG":"{\"projectId\":\"vouched4vouchers\",\"storageBucket\":\"vouched4vouchers.firebasestorage.app\"}","GCLOUD_PROJECT":"vouched4vouchers","EVENTARC_CLOUD_EVENT_SOURCE":"projects/vouched4vouchers/locations/us-central1/functions/refreshCategoriesPageCache"},"runtime":"nodejs22","buildId":"8eb56673-b539-4abe-a462-142286ebb32a","buildEnvironmentVariables":{"GOOGLE_NODE_RUN_SCRIPTS":""},"buildName":"projects/611170509618/locations/us-central1/builds/8eb56673-b539-4abe-a462-142286ebb32a","dockerRegistry":"ARTIFACT_REGISTRY","automaticUpdatePolicy":{},"buildServiceAccount":"projects/vouched4vouchers/serviceAccounts/611170509618-compute@developer.gserviceaccount.com"},"versionId":"2","updateTime":"2026-01-05T18:54:15Z","buildId":"dc6bb0da-c0f6-4838-81eb-3ca3e8af5d4e","buildName":"projects/611170509618/locations/us-central1/builds/dc6bb0da-c0f6-4838-81eb-3ca3e8af5d4e"}}
